[LOG] System::create                           : Header version = 1.08.02. Current version = 1.08.02.
[LOG] SystemI::init                            : FMOD Studio Version: 00010802 (74770)
[LOG] SystemI::init                            : maxchannels = 256, flags = 00020000, extradriverdata = 0x0
[LOG] SystemI::close                           : 
[LOG] SystemI::close                           : Stop all sounds
[LOG] SystemI::close                           : done.

[LOG] OutputCoreAudio::enumerate               : Enumerating...
[LOG] OutputCoreAudio::enumerate               : Found output driver: "Soundflower (2ch)".
[LOG] OutputCoreAudio::enumerate               : Found output driver: "Soundflower (64ch)".
[LOG] OutputCoreAudio::enumerate               : Found output driver: "Pro Tools Aggregate I/O".
[LOG] OutputCoreAudio::enumerate               : Found output driver: "MOTU Track16".
[LOG] OutputCoreAudio::enumerate               : Found output driver: "Aggregate Device".
[LOG] OutputCoreAudio::enumerate               : Done.
[LOG] OutputCoreAudio::init                    : Output running 2 channels at 44100Hz sample rate.
[LOG] OutputCoreAudio::init                    : Maximum hardware read size: 1024 samples, Software buffer size: 512 samples, Number of software buffers: 4.
[WRN] SystemI::init                            : Output requires a sample rate of 44100Hz, resampling will occur.
[LOG] Thread::initThread                       : Initializing FMOD mixer thread.  priority 3
[LOG] Thread::initThread                       : - Stacksize 49152.  Stack pointer 0x0 : usesemaphore = 1 : sleeptime = 0
[LOG] Thread::callback                         : * FMOD mixer thread started
[LOG] SystemI::init                            : Set up emulated output
[LOG] SystemI::init                            : create the channel pool
[LOG] Thread::initThread                       : Initializing FMOD stream thread.  priority 2
[LOG] Thread::initThread                       : - Stacksize 65536.  Stack pointer 0x0 : usesemaphore = 0 : sleeptime = 10
[LOG] Thread::callback                         : * FMOD stream thread started
[LOG] Thread::initThread                       : Initializing FMOD Studio sample load thread.  priority 0
[LOG] Thread::initThread                       : - Stacksize 65536.  Stack pointer 0x0 : usesemaphore = 0 : sleeptime = 1
[LOG] Thread::callback                         : * FMOD Studio sample load thread started
[LOG] Thread::initThread                       : Initializing FMOD Studio bank load thread.  priority 0
[LOG] Thread::initThread                       : - Stacksize 65536.  Stack pointer 0x0 : usesemaphore = 0 : sleeptime = 1
[LOG] Thread::callback                         : * FMOD Studio bank load thread started
[LOG] Manager::readBank                        : fileversion = 72, compatVersion = 70 (oldest = 44, newest = 74)
[LOG] PlaybackSystem::acquireMasterBus         : Setting master channel group format to 3
[LOG] Manager::readBank                        : fileversion = 72, compatVersion = 70 (oldest = 44, newest = 74)
[LOG] Manager::finishLoadBank                  : Bank with guid {4eccb38b-0234-4a8e-b96a-a692f910e4ba} has already been loaded[LOG] SystemI::createSoundInternal             : filename =  : mode 0a000202
[LOG] SystemI::createSoundInternal             : exinfo->cbsize             = 232
[LOG] SystemI::createSoundInternal             : exinfo->length             = 24272064
[LOG] SystemI::createSoundInternal             : exinfo->fileoffset         = 32480
[LOG] SystemI::createSoundInternal             : exinfo->numsubsounds       = 1
[LOG] SystemI::createSoundInternal             : exinfo->inclusionlist      = 0x11dc39b88
[LOG] SystemI::createSoundInternal             : exinfo->inclusionlistnum   = 1
[LOG] SystemI::createSoundInternal             : exinfo->suggestedsoundtype = 5
[LOG] SystemI::createSoundInternal             : exinfo->useropen           = 0x1409d2fa8
[LOG] SystemI::createSoundInternal             : exinfo->userclose          = 0x1409d3073
[LOG] SystemI::createSoundInternal             : exinfo->userread           = 0x1409d30a3
[LOG] SystemI::createSoundInternal             : exinfo->userseek           = 0x1409d3140
[LOG] SystemI::createSoundInternal             : exinfo->fileuserdata       = 0x10b36d7d8
[LOG] SystemI::createSoundInternal             : exinfo->initialseekpostype = 1
[LOG] SystemI::createSoundInternal             : Format has 1 subsounds.
[LOG] SystemI::createSoundInternal             : Create as FMOD_CREATESAMPLE
[LOG] SystemI::createSoundInternal             : Multi-sample sound (1 subsounds), create a sample container.
[LOG] SystemI::createSoundInternal             : creating subsound 0/1
[LOG] SystemI::createSample                    : mode 0a000202 length 2211428 samples, lengthbytes 1141664
[LOG] SystemI::createSample                    : channels = 2
[LOG] SystemI::createSample                    : output = 0x10b325af8
[LOG] OutputSoftware::createSample             : lengthpcm 2211428, lengthbytes 1141664, channels 2, format 2, freq 48000, mode 0a00020a
[LOG] SystemI::createSoundInternal             : done.  OpenState now = FMOD_OPENSTATE_READY.

[LOG] SystemI::createSoundInternal             : filename =  : mode 0a000202
[LOG] SystemI::createSoundInternal             : exinfo->cbsize             = 232
[LOG] SystemI::createSoundInternal             : exinfo->length             = 24272064
[LOG] SystemI::createSoundInternal             : exinfo->fileoffset         = 32480
[LOG] SystemI::createSoundInternal             : exinfo->numsubsounds       = 1
[LOG] SystemI::createSoundInternal             : exinfo->inclusionlist      = 0x11dc39b88
[LOG] SystemI::createSoundInternal             : exinfo->inclusionlistnum   = 1
[LOG] SystemI::createSoundInternal             : exinfo->suggestedsoundtype = 5
[LOG] SystemI::createSoundInternal             : exinfo->useropen           = 0x1409d2fa8
[LOG] SystemI::createSoundInternal             : exinfo->userclose          = 0x1409d3073
[LOG] SystemI::createSoundInternal             : exinfo->userread           = 0x1409d30a3
[LOG] SystemI::createSoundInternal             : exinfo->userseek           = 0x1409d3140
[LOG] SystemI::createSoundInternal             : exinfo->fileuserdata       = 0x10b36d7d8
[LOG] SystemI::createSoundInternal             : exinfo->initialseekpostype = 1
[LOG] SystemI::createSoundInternal             : Format has 1 subsounds.
[LOG] SystemI::createSoundInternal             : Create as FMOD_CREATESAMPLE
[LOG] SystemI::createSoundInternal             : Multi-sample sound (1 subsounds), create a sample container.
[LOG] SystemI::createSoundInternal             : creating subsound 0/1
[LOG] SystemI::createSample                    : mode 0a000202 length 2211428 samples, lengthbytes 670464
[LOG] SystemI::createSample                    : channels = 2
[LOG] SystemI::createSample                    : output = 0x10b325af8
[LOG] OutputSoftware::createSample             : lengthpcm 2211428, lengthbytes 670464, channels 2, format 2, freq 48000, mode 0a00020a
[LOG] SystemI::createSoundInternal             : done.  OpenState now = FMOD_OPENSTATE_READY.

[LOG] SystemI::createSoundInternal             : filename =  : mode 0a000202
[LOG] SystemI::createSoundInternal             : exinfo->cbsize             = 232
[LOG] SystemI::createSoundInternal             : exinfo->length             = 24272064
[LOG] SystemI::createSoundInternal             : exinfo->fileoffset         = 32480
[LOG] SystemI::createSoundInternal             : exinfo->numsubsounds       = 1
[LOG] SystemI::createSoundInternal             : exinfo->inclusionlist      = 0x11dc39b88
[LOG] SystemI::createSoundInternal             : exinfo->inclusionlistnum   = 1
[LOG] SystemI::createSoundInternal             : exinfo->suggestedsoundtype = 5
[LOG] SystemI::createSoundInternal             : exinfo->useropen           = 0x1409d2fa8
[LOG] SystemI::createSoundInternal             : exinfo->userclose          = 0x1409d3073
[LOG] SystemI::createSoundInternal             : exinfo->userread           = 0x1409d30a3
[LOG] SystemI::createSoundInternal             : exinfo->userseek           = 0x1409d3140
[LOG] SystemI::createSoundInternal             : exinfo->fileuserdata       = 0x10b36d7d8
[LOG] SystemI::createSoundInternal             : exinfo->initialseekpostype = 1
[LOG] SystemI::createSoundInternal             : Format has 1 subsounds.
[LOG] SystemI::createSoundInternal             : Create as FMOD_CREATESAMPLE
[LOG] SystemI::createSoundInternal             : Multi-sample sound (1 subsounds), create a sample container.
[LOG] SystemI::createSoundInternal             : creating subsound 0/1
[LOG] SystemI::createSample                    : mode 0a000202 length 1851428 samples, lengthbytes 1114368
[LOG] SystemI::createSample                    : channels = 2
[LOG] SystemI::createSample                    : output = 0x10b325af8
[LOG] OutputSoftware::createSample             : lengthpcm 1851428, lengthbytes 1114368, channels 2, format 2, freq 48000, mode 0a00020a
[LOG] SystemI::createSoundInternal             : done.  OpenState now = FMOD_OPENSTATE_READY.

[LOG] SystemI::createSoundInternal             : filename =  : mode 0a000202
[LOG] SystemI::createSoundInternal             : exinfo->cbsize             = 232
[LOG] SystemI::createSoundInternal             : exinfo->length             = 24272064
[LOG] SystemI::createSoundInternal             : exinfo->fileoffset         = 32480
[LOG] SystemI::createSoundInternal             : exinfo->numsubsounds       = 1
[LOG] SystemI::createSoundInternal             : exinfo->inclusionlist      = 0x11dc39b88
[LOG] SystemI::createSoundInternal             : exinfo->inclusionlistnum   = 1
[LOG] SystemI::createSoundInternal             : exinfo->suggestedsoundtype = 5
[LOG] SystemI::createSoundInternal             : exinfo->useropen           = 0x1409d2fa8
[LOG] SystemI::createSoundInternal             : exinfo->userclose          = 0x1409d3073
[LOG] SystemI::createSoundInternal             : exinfo->userread           = 0x1409d30a3
[LOG] SystemI::createSoundInternal             : exinfo->userseek           = 0x1409d3140
[LOG] SystemI::createSoundInternal             : exinfo->fileuserdata       = 0x10b36d7d8
[LOG] SystemI::createSoundInternal             : exinfo->initialseekpostype = 1
[LOG] SystemI::createSoundInternal             : Format has 1 subsounds.
[LOG] SystemI::createSoundInternal             : Create as FMOD_CREATESAMPLE
[LOG] SystemI::createSoundInternal             : Multi-sample sound (1 subsounds), create a sample container.
[LOG] SystemI::createSoundInternal             : creating subsound 0/1
[LOG] SystemI::createSample                    : mode 0a000202 length 1851428 samples, lengthbytes 1251872
[LOG] SystemI::createSample                    : channels = 2
[LOG] SystemI::createSample                    : output = 0x10b325af8
[LOG] OutputSoftware::createSample             : lengthpcm 1851428, lengthbytes 1251872, channels 2, format 2, freq 48000, mode 0a00020a
[LOG] SystemI::createSoundInternal             : done.  OpenState now = FMOD_OPENSTATE_READY.

[LOG] SystemI::createSoundInternal             : filename =  : mode 0a000202
[LOG] SystemI::createSoundInternal             : exinfo->cbsize             = 232
[LOG] SystemI::createSoundInternal             : exinfo->length             = 24272064
[LOG] SystemI::createSoundInternal             : exinfo->fileoffset         = 32480
[LOG] SystemI::createSoundInternal             : exinfo->numsubsounds       = 1
[LOG] SystemI::createSoundInternal             : exinfo->inclusionlist      = 0x11dc39b88
[LOG] SystemI::createSoundInternal             : exinfo->inclusionlistnum   = 1
[LOG] SystemI::createSoundInternal             : exinfo->suggestedsoundtype = 5
[LOG] SystemI::createSoundInternal             : exinfo->useropen           = 0x1409d2fa8
[LOG] SystemI::createSoundInternal             : exinfo->userclose          = 0x1409d3073
[LOG] SystemI::createSoundInternal             : exinfo->userread           = 0x1409d30a3
[LOG] SystemI::createSoundInternal             : exinfo->userseek           = 0x1409d3140
[LOG] SystemI::createSoundInternal             : exinfo->fileuserdata       = 0x10b36d7d8
[LOG] SystemI::createSoundInternal             : exinfo->initialseekpostype = 1
[LOG] SystemI::createSoundInternal             : Format has 1 subsounds.
[LOG] SystemI::createSoundInternal             : Create as FMOD_CREATESAMPLE
[LOG] SystemI::createSoundInternal             : Multi-sample sound (1 subsounds), create a sample container.
[LOG] SystemI::createSoundInternal             : creating subsound 0/1
[LOG] SystemI::createSample                    : mode 0a000202 length 2211428 samples, lengthbytes 1076192
[LOG] SystemI::createSample                    : channels = 2
[LOG] SystemI::createSample                    : output = 0x10b325af8
[LOG] OutputSoftware::createSample             : lengthpcm 2211428, lengthbytes 1076192, channels 2, format 2, freq 48000, mode 0a00020a
[LOG] SystemI::createSoundInternal             : done.  OpenState now = FMOD_OPENSTATE_READY.

[LOG] SystemI::createSoundInternal             : filename =  : mode 0a000202
[LOG] SystemI::createSoundInternal             : exinfo->cbsize             = 232
[LOG] SystemI::createSoundInternal             : exinfo->length             = 24272064
[LOG] SystemI::createSoundInternal             : exinfo->fileoffset         = 32480
[LOG] SystemI::createSoundInternal             : exinfo->numsubsounds       = 1
[LOG] SystemI::createSoundInternal             : exinfo->inclusionlist      = 0x11dc39b88
[LOG] SystemI::createSoundInternal             : exinfo->inclusionlistnum   = 1
[LOG] SystemI::createSoundInternal             : exinfo->suggestedsoundtype = 5
[LOG] SystemI::createSoundInternal             : exinfo->useropen           = 0x1409d2fa8
[LOG] SystemI::createSoundInternal             : exinfo->userclose          = 0x1409d3073
[LOG] SystemI::createSoundInternal             : exinfo->userread           = 0x1409d30a3
[LOG] SystemI::createSoundInternal             : exinfo->userseek           = 0x1409d3140
[LOG] SystemI::createSoundInternal             : exinfo->fileuserdata       = 0x10b36d7d8
[LOG] SystemI::createSoundInternal             : exinfo->initialseekpostype = 1
[LOG] SystemI::createSoundInternal             : Format has 1 subsounds.
[LOG] SystemI::createSoundInternal             : Create as FMOD_CREATESAMPLE
[LOG] SystemI::createSoundInternal             : Multi-sample sound (1 subsounds), create a sample container.
[LOG] SystemI::createSoundInternal             : creating subsound 0/1
[LOG] SystemI::createSample                    : mode 0a000202 length 1851428 samples, lengthbytes 1051424
[LOG] SystemI::createSample                    : channels = 2
[LOG] SystemI::createSample                    : output = 0x10b325af8
[LOG] OutputSoftware::createSample             : lengthpcm 1851428, lengthbytes 1051424, channels 2, format 2, freq 48000, mode 0a00020a
[LOG] SystemI::createSoundInternal             : done.  OpenState now = FMOD_OPENSTATE_READY.

[LOG] SystemI::createSoundInternal             : filename =  : mode 0a000202
[LOG] SystemI::createSoundInternal             : exinfo->cbsize             = 232
[LOG] SystemI::createSoundInternal             : exinfo->length             = 24272064
[LOG] SystemI::createSoundInternal             : exinfo->fileoffset         = 32480
[LOG] SystemI::createSoundInternal             : exinfo->numsubsounds       = 1
[LOG] SystemI::createSoundInternal             : exinfo->inclusionlist      = 0x11dc39b88
[LOG] SystemI::createSoundInternal             : exinfo->inclusionlistnum   = 1
[LOG] SystemI::createSoundInternal             : exinfo->suggestedsoundtype = 5
[LOG] SystemI::createSoundInternal             : exinfo->useropen           = 0x1409d2fa8
[LOG] SystemI::createSoundInternal             : exinfo->userclose          = 0x1409d3073
[LOG] SystemI::createSoundInternal             : exinfo->userread           = 0x1409d30a3
[LOG] SystemI::createSoundInternal             : exinfo->userseek           = 0x1409d3140
[LOG] SystemI::createSoundInternal             : exinfo->fileuserdata       = 0x10b36d7d8
[LOG] SystemI::createSoundInternal             : exinfo->initialseekpostype = 1
[LOG] SystemI::createSoundInternal             : Format has 1 subsounds.
[LOG] SystemI::createSoundInternal             : Create as FMOD_CREATESAMPLE
[LOG] SystemI::createSoundInternal             : Multi-sample sound (1 subsounds), create a sample container.
[LOG] SystemI::createSoundInternal             : creating subsound 0/1
[LOG] SystemI::createSample                    : mode 0a000202 length 1851428 samples, lengthbytes 943168
[LOG] SystemI::createSample                    : channels = 2
[LOG] SystemI::createSample                    : output = 0x10b325af8
[LOG] OutputSoftware::createSample             : lengthpcm 1851428, lengthbytes 943168, channels 2, format 2, freq 48000, mode 0a00020a
[LOG] SystemI::createSoundInternal             : done.  OpenState now = FMOD_OPENSTATE_READY.

[LOG] SystemI::createSoundInternal             : filename =  : mode 0a000202
[LOG] SystemI::createSoundInternal             : exinfo->cbsize             = 232
[LOG] SystemI::createSoundInternal             : exinfo->length             = 24272064
[LOG] SystemI::createSoundInternal             : exinfo->fileoffset         = 32480
[LOG] SystemI::createSoundInternal             : exinfo->numsubsounds       = 1
[LOG] SystemI::createSoundInternal             : exinfo->inclusionlist      = 0x11dc39b88
[LOG] SystemI::createSoundInternal             : exinfo->inclusionlistnum   = 1
[LOG] SystemI::createSoundInternal             : exinfo->suggestedsoundtype = 5
[LOG] SystemI::createSoundInternal             : exinfo->useropen           = 0x1409d2fa8
[LOG] SystemI::createSoundInternal             : exinfo->userclose          = 0x1409d3073
[LOG] SystemI::createSoundInternal             : exinfo->userread           = 0x1409d30a3
[LOG] SystemI::createSoundInternal             : exinfo->userseek           = 0x1409d3140
[LOG] SystemI::createSoundInternal             : exinfo->fileuserdata       = 0x10b36d7d8
[LOG] SystemI::createSoundInternal             : exinfo->initialseekpostype = 1
[LOG] SystemI::createSoundInternal             : Format has 1 subsounds.
[LOG] SystemI::createSoundInternal             : Create as FMOD_CREATESAMPLE
[LOG] SystemI::createSoundInternal             : Multi-sample sound (1 subsounds), create a sample container.
[LOG] SystemI::createSoundInternal             : creating subsound 0/1
[LOG] SystemI::createSample                    : mode 0a000202 length 2211428 samples, lengthbytes 1301568
[LOG] SystemI::createSample                    : channels = 2
[LOG] SystemI::createSample                    : output = 0x10b325af8
[LOG] OutputSoftware::createSample             : lengthpcm 2211428, lengthbytes 1301568, channels 2, format 2, freq 48000, mode 0a00020a
[LOG] SystemI::createSoundInternal             : done.  OpenState now = FMOD_OPENSTATE_READY.

[LOG] SystemI::createSoundInternal             : filename =  : mode 0a000202
[LOG] SystemI::createSoundInternal             : exinfo->cbsize             = 232
[LOG] SystemI::createSoundInternal             : exinfo->length             = 24272064
[LOG] SystemI::createSoundInternal             : exinfo->fileoffset         = 32480
[LOG] SystemI::createSoundInternal             : exinfo->numsubsounds       = 1
[LOG] SystemI::createSoundInternal             : exinfo->inclusionlist      = 0x11dc39b88
[LOG] SystemI::createSoundInternal             : exinfo->inclusionlistnum   = 1
[LOG] SystemI::createSoundInternal             : exinfo->suggestedsoundtype = 5
[LOG] SystemI::createSoundInternal             : exinfo->useropen           = 0x1409d2fa8
[LOG] SystemI::createSoundInternal             : exinfo->userclose          = 0x1409d3073
[LOG] SystemI::createSoundInternal             : exinfo->userread           = 0x1409d30a3
[LOG] SystemI::createSoundInternal             : exinfo->userseek           = 0x1409d3140
[LOG] SystemI::createSoundInternal             : exinfo->fileuserdata       = 0x10b36d7d8
[LOG] SystemI::createSoundInternal             : exinfo->initialseekpostype = 1
[LOG] SystemI::createSoundInternal             : Format has 1 subsounds.
[LOG] SystemI::createSoundInternal             : Create as FMOD_CREATESAMPLE
[LOG] SystemI::createSoundInternal             : Multi-sample sound (1 subsounds), create a sample container.
[LOG] SystemI::createSoundInternal             : creating subsound 0/1
[LOG] SystemI::createSample                    : mode 0a000202 length 925714 samples, lengthbytes 477568
[LOG] SystemI::createSample                    : channels = 2
[LOG] SystemI::createSample                    : output = 0x10b325af8
[LOG] OutputSoftware::createSample             : lengthpcm 925714, lengthbytes 477568, channels 2, format 2, freq 48000, mode 0a00020a
[LOG] SystemI::createSoundInternal             : done.  OpenState now = FMOD_OPENSTATE_READY.

[LOG] SystemI::createSoundInternal             : filename =  : mode 0a000202
[LOG] SystemI::createSoundInternal             : exinfo->cbsize             = 232
[LOG] SystemI::createSoundInternal             : exinfo->length             = 24272064
[LOG] SystemI::createSoundInternal             : exinfo->fileoffset         = 32480
[LOG] SystemI::createSoundInternal             : exinfo->numsubsounds       = 1
[LOG] SystemI::createSoundInternal             : exinfo->inclusionlist      = 0x11dc39b88
[LOG] SystemI::createSoundInternal             : exinfo->inclusionlistnum   = 1
[LOG] SystemI::createSoundInternal             : exinfo->suggestedsoundtype = 5
[LOG] SystemI::createSoundInternal             : exinfo->useropen           = 0x1409d2fa8
[LOG] SystemI::createSoundInternal             : exinfo->userclose          = 0x1409d3073
[LOG] SystemI::createSoundInternal             : exinfo->userread           = 0x1409d30a3
[LOG] SystemI::createSoundInternal             : exinfo->userseek           = 0x1409d3140
[LOG] SystemI::createSoundInternal             : exinfo->fileuserdata       = 0x10b36d7d8
[LOG] SystemI::createSoundInternal             : exinfo->initialseekpostype = 1
[LOG] SystemI::createSoundInternal             : Format has 1 subsounds.
[LOG] SystemI::createSoundInternal             : Create as FMOD_CREATESAMPLE
[LOG] SystemI::createSoundInternal             : Multi-sample sound (1 subsounds), create a sample container.
[LOG] SystemI::createSoundInternal             : creating subsound 0/1
[LOG] SystemI::createSample                    : mode 0a000202 length 2211428 samples, lengthbytes 1066528
[LOG] SystemI::createSample                    : channels = 2
[LOG] SystemI::createSample                    : output = 0x10b325af8
[LOG] OutputSoftware::createSample             : lengthpcm 2211428, lengthbytes 1066528, channels 2, format 2, freq 48000, mode 0a00020a
[LOG] SystemI::createSoundInternal             : done.  OpenState now = FMOD_OPENSTATE_READY.

[LOG] SystemI::createSoundInternal             : filename =  : mode 0a000202
[LOG] SystemI::createSoundInternal             : exinfo->cbsize             = 232
[LOG] SystemI::createSoundInternal             : exinfo->length             = 24272064
[LOG] SystemI::createSoundInternal             : exinfo->fileoffset         = 32480
[LOG] SystemI::createSoundInternal             : exinfo->numsubsounds       = 1
[LOG] SystemI::createSoundInternal             : exinfo->inclusionlist      = 0x11dc39b88
[LOG] SystemI::createSoundInternal             : exinfo->inclusionlistnum   = 1
[LOG] SystemI::createSoundInternal             : exinfo->suggestedsoundtype = 5
[LOG] SystemI::createSoundInternal             : exinfo->useropen           = 0x1409d2fa8
[LOG] SystemI::createSoundInternal             : exinfo->userclose          = 0x1409d3073
[LOG] SystemI::createSoundInternal             : exinfo->userread           = 0x1409d30a3
[LOG] SystemI::createSoundInternal             : exinfo->userseek           = 0x1409d3140
[LOG] SystemI::createSoundInternal             : exinfo->fileuserdata       = 0x10b36d7d8
[LOG] SystemI::createSoundInternal             : exinfo->initialseekpostype = 1
[LOG] SystemI::createSoundInternal             : Format has 1 subsounds.
[LOG] SystemI::createSoundInternal             : Create as FMOD_CREATESAMPLE
[LOG] SystemI::createSoundInternal             : Multi-sample sound (1 subsounds), create a sample container.
[LOG] SystemI::createSoundInternal             : creating subsound 0/1
[LOG] SystemI::createSample                    : mode 0a000202 length 1851428 samples, lengthbytes 867520
[LOG] SystemI::createSample                    : channels = 2
[LOG] SystemI::createSample                    : output = 0x10b325af8
[LOG] OutputSoftware::createSample             : lengthpcm 1851428, lengthbytes 867520, channels 2, format 2, freq 48000, mode 0a00020a
[LOG] SystemI::createSoundInternal             : done.  OpenState now = FMOD_OPENSTATE_READY.

[LOG] SystemI::createSoundInternal             : filename =  : mode 0a000202
[LOG] SystemI::createSoundInternal             : exinfo->cbsize             = 232
[LOG] SystemI::createSoundInternal             : exinfo->length             = 24272064
[LOG] SystemI::createSoundInternal             : exinfo->fileoffset         = 32480
[LOG] SystemI::createSoundInternal             : exinfo->numsubsounds       = 1
[LOG] SystemI::createSoundInternal             : exinfo->inclusionlist      = 0x11dc39b88
[LOG] SystemI::createSoundInternal             : exinfo->inclusionlistnum   = 1
[LOG] SystemI::createSoundInternal             : exinfo->suggestedsoundtype = 5
[LOG] SystemI::createSoundInternal             : exinfo->useropen           = 0x1409d2fa8
[LOG] SystemI::createSoundInternal             : exinfo->userclose          = 0x1409d3073
[LOG] SystemI::createSoundInternal             : exinfo->userread           = 0x1409d30a3
[LOG] SystemI::createSoundInternal             : exinfo->userseek           = 0x1409d3140
[LOG] SystemI::createSoundInternal             : exinfo->fileuserdata       = 0x10b36d7d8
[LOG] SystemI::createSoundInternal             : exinfo->initialseekpostype = 1
[LOG] SystemI::createSoundInternal             : Format has 1 subsounds.
[LOG] SystemI::createSoundInternal             : Create as FMOD_CREATESAMPLE
[LOG] SystemI::createSoundInternal             : Multi-sample sound (1 subsounds), create a sample container.
[LOG] SystemI::createSoundInternal             : creating subsound 0/1
[LOG] SystemI::createSample                    : mode 0a000202 length 514285 samples, lengthbytes 256000
[LOG] SystemI::createSample                    : channels = 2
[LOG] SystemI::createSample                    : output = 0x10b325af8
[LOG] OutputSoftware::createSample             : lengthpcm 514285, lengthbytes 256000, channels 2, format 2, freq 48000, mode 0a00020a
[LOG] SystemI::createSoundInternal             : done.  OpenState now = FMOD_OPENSTATE_READY.

[LOG] SystemI::createSoundInternal             : filename =  : mode 0a000202
[LOG] SystemI::createSoundInternal             : exinfo->cbsize             = 232
[LOG] SystemI::createSoundInternal             : exinfo->length             = 24272064
[LOG] SystemI::createSoundInternal             : exinfo->fileoffset         = 32480
[LOG] SystemI::createSoundInternal             : exinfo->numsubsounds       = 1
[LOG] SystemI::createSoundInternal             : exinfo->inclusionlist      = 0x11dc39b88
[LOG] SystemI::createSoundInternal             : exinfo->inclusionlistnum   = 1
[LOG] SystemI::createSoundInternal             : exinfo->suggestedsoundtype = 5
[LOG] SystemI::createSoundInternal             : exinfo->useropen           = 0x1409d2fa8
[LOG] SystemI::createSoundInternal             : exinfo->userclose          = 0x1409d3073
[LOG] SystemI::createSoundInternal             : exinfo->userread           = 0x1409d30a3
[LOG] SystemI::createSoundInternal             : exinfo->userseek           = 0x1409d3140
[LOG] SystemI::createSoundInternal             : exinfo->fileuserdata       = 0x10b36d7d8
[LOG] SystemI::createSoundInternal             : exinfo->initialseekpostype = 1
[LOG] SystemI::createSoundInternal             : Format has 1 subsounds.
[LOG] SystemI::createSoundInternal             : Create as FMOD_CREATESAMPLE
[LOG] SystemI::createSoundInternal             : Multi-sample sound (1 subsounds), create a sample container.
[LOG] SystemI::createSoundInternal             : creating subsound 0/1
[LOG] SystemI::createSample                    : mode 0a000202 length 1851428 samples, lengthbytes 921408
[LOG] SystemI::createSample                    : channels = 2
[LOG] SystemI::createSample                    : output = 0x10b325af8
[LOG] OutputSoftware::createSample             : lengthpcm 1851428, lengthbytes 921408, channels 2, format 2, freq 48000, mode 0a00020a
[LOG] SystemI::createSoundInternal             : done.  OpenState now = FMOD_OPENSTATE_READY.

[LOG] SystemI::createSoundInternal             : filename =  : mode 0a000202
[LOG] SystemI::createSoundInternal             : exinfo->cbsize             = 232
[LOG] SystemI::createSoundInternal             : exinfo->length             = 24272064
[LOG] SystemI::createSoundInternal             : exinfo->fileoffset         = 32480
[LOG] SystemI::createSoundInternal             : exinfo->numsubsounds       = 1
[LOG] SystemI::createSoundInternal             : exinfo->inclusionlist      = 0x11dc39b88
[LOG] SystemI::createSoundInternal             : exinfo->inclusionlistnum   = 1
[LOG] SystemI::createSoundInternal             : exinfo->suggestedsoundtype = 5
[LOG] SystemI::createSoundInternal             : exinfo->useropen           = 0x1409d2fa8
[LOG] SystemI::createSoundInternal             : exinfo->userclose          = 0x1409d3073
[LOG] SystemI::createSoundInternal             : exinfo->userread           = 0x1409d30a3
[LOG] SystemI::createSoundInternal             : exinfo->userseek           = 0x1409d3140
[LOG] SystemI::createSoundInternal             : exinfo->fileuserdata       = 0x10b36d7d8
[LOG] SystemI::createSoundInternal             : exinfo->initialseekpostype = 1
[LOG] SystemI::createSoundInternal             : Format has 1 subsounds.
[LOG] SystemI::createSoundInternal             : Create as FMOD_CREATESAMPLE
[LOG] SystemI::createSoundInternal             : Multi-sample sound (1 subsounds), create a sample container.
[LOG] SystemI::createSoundInternal             : creating subsound 0/1
[LOG] SystemI::createSample                    : mode 0a000202 length 2211428 samples, lengthbytes 1112512
[LOG] SystemI::createSample                    : channels = 2
[LOG] SystemI::createSample                    : output = 0x10b325af8
[LOG] OutputSoftware::createSample             : lengthpcm 2211428, lengthbytes 1112512, channels 2, format 2, freq 48000, mode 0a00020a
[LOG] SystemI::createSoundInternal             : done.  OpenState now = FMOD_OPENSTATE_READY.

[LOG] SystemI::createSoundInternal             : filename =  : mode 0a000202
[LOG] SystemI::createSoundInternal             : exinfo->cbsize             = 232
[LOG] SystemI::createSoundInternal             : exinfo->length             = 24272064
[LOG] SystemI::createSoundInternal             : exinfo->fileoffset         = 32480
[LOG] SystemI::createSoundInternal             : exinfo->numsubsounds       = 1
[LOG] SystemI::createSoundInternal             : exinfo->inclusionlist      = 0x11dc39b88
[LOG] SystemI::createSoundInternal             : exinfo->inclusionlistnum   = 1
[LOG] SystemI::createSoundInternal             : exinfo->suggestedsoundtype = 5
[LOG] SystemI::createSoundInternal             : exinfo->useropen           = 0x1409d2fa8
[LOG] SystemI::createSoundInternal             : exinfo->userclose          = 0x1409d3073
[LOG] SystemI::createSoundInternal             : exinfo->userread           = 0x1409d30a3
[LOG] SystemI::createSoundInternal             : exinfo->userseek           = 0x1409d3140
[LOG] SystemI::createSoundInternal             : exinfo->fileuserdata       = 0x10b36d7d8
[LOG] SystemI::createSoundInternal             : exinfo->initialseekpostype = 1
[LOG] SystemI::createSoundInternal             : Format has 1 subsounds.
[LOG] SystemI::createSoundInternal             : Create as FMOD_CREATESAMPLE
[LOG] SystemI::createSoundInternal             : Multi-sample sound (1 subsounds), create a sample container.
[LOG] SystemI::createSoundInternal             : creating subsound 0/1
[LOG] SystemI::createSample                    : mode 0a000202 length 2211428 samples, lengthbytes 1041312
[LOG] SystemI::createSample                    : channels = 2
[LOG] SystemI::createSample                    : output = 0x10b325af8
[LOG] OutputSoftware::createSample             : lengthpcm 2211428, lengthbytes 1041312, channels 2, format 2, freq 48000, mode 0a00020a
[LOG] SystemI::createSoundInternal             : done.  OpenState now = FMOD_OPENSTATE_READY.

[LOG] SystemI::createSoundInternal             : filename =  : mode 0a000202
[LOG] SystemI::createSoundInternal             : exinfo->cbsize             = 232
[LOG] SystemI::createSoundInternal             : exinfo->length             = 24272064
[LOG] SystemI::createSoundInternal             : exinfo->fileoffset         = 32480
[LOG] SystemI::createSoundInternal             : exinfo->numsubsounds       = 1
[LOG] SystemI::createSoundInternal             : exinfo->inclusionlist      = 0x11dc39b88
[LOG] SystemI::createSoundInternal             : exinfo->inclusionlistnum   = 1
[LOG] SystemI::createSoundInternal             : exinfo->suggestedsoundtype = 5
[LOG] SystemI::createSoundInternal             : exinfo->useropen           = 0x1409d2fa8
[LOG] SystemI::createSoundInternal             : exinfo->userclose          = 0x1409d3073
[LOG] SystemI::createSoundInternal             : exinfo->userread           = 0x1409d30a3
[LOG] SystemI::createSoundInternal             : exinfo->userseek           = 0x1409d3140
[LOG] SystemI::createSoundInternal             : exinfo->fileuserdata       = 0x10b36d7d8
[LOG] SystemI::createSoundInternal             : exinfo->initialseekpostype = 1
[LOG] SystemI::createSoundInternal             : Format has 1 subsounds.
[LOG] SystemI::createSoundInternal             : Create as FMOD_CREATESAMPLE
[LOG] SystemI::createSoundInternal             : Multi-sample sound (1 subsounds), create a sample container.
[LOG] SystemI::createSoundInternal             : creating subsound 0/1
[LOG] SystemI::createSample                    : mode 0a000202 length 2365714 samples, lengthbytes 1195712
[LOG] SystemI::createSample                    : channels = 2
[LOG] SystemI::createSample                    : output = 0x10b325af8
[LOG] OutputSoftware::createSample             : lengthpcm 2365714, lengthbytes 1195712, channels 2, format 2, freq 48000, mode 0a00020a
[LOG] SystemI::createSoundInternal             : done.  OpenState now = FMOD_OPENSTATE_READY.

[LOG] SystemI::createSoundInternal             : filename =  : mode 0a000202
[LOG] SystemI::createSoundInternal             : exinfo->cbsize             = 232
[LOG] SystemI::createSoundInternal             : exinfo->length             = 24272064
[LOG] SystemI::createSoundInternal             : exinfo->fileoffset         = 32480
[LOG] SystemI::createSoundInternal             : exinfo->numsubsounds       = 1
[LOG] SystemI::createSoundInternal             : exinfo->inclusionlist      = 0x11dc39b88
[LOG] SystemI::createSoundInternal             : exinfo->inclusionlistnum   = 1
[LOG] SystemI::createSoundInternal             : exinfo->suggestedsoundtype = 5
[LOG] SystemI::createSoundInternal             : exinfo->useropen           = 0x1409d2fa8
[LOG] SystemI::createSoundInternal             : exinfo->userclose          = 0x1409d3073
[LOG] SystemI::createSoundInternal             : exinfo->userread           = 0x1409d30a3
[LOG] SystemI::createSoundInternal             : exinfo->userseek           = 0x1409d3140
[LOG] SystemI::createSoundInternal             : exinfo->fileuserdata       = 0x10b36d7d8
[LOG] SystemI::createSoundInternal             : exinfo->initialseekpostype = 1
[LOG] SystemI::createSoundInternal             : Format has 1 subsounds.
[LOG] SystemI::createSoundInternal             : Create as FMOD_CREATESAMPLE
[LOG] SystemI::createSoundInternal             : Multi-sample sound (1 subsounds), create a sample container.
[LOG] SystemI::createSoundInternal             : creating subsound 0/1
[LOG] SystemI::createSample                    : mode 0a000202 length 1851428 samples, lengthbytes 909824
[LOG] SystemI::createSample                    : channels = 2
[LOG] SystemI::createSample                    : output = 0x10b325af8
[LOG] OutputSoftware::createSample             : lengthpcm 1851428, lengthbytes 909824, channels 2, format 2, freq 48000, mode 0a00020a
[LOG] SystemI::createSoundInternal             : done.  OpenState now = FMOD_OPENSTATE_READY.

[LOG] SystemI::createSoundInternal             : filename =  : mode 0a000202
[LOG] SystemI::createSoundInternal             : exinfo->cbsize             = 232
[LOG] SystemI::createSoundInternal             : exinfo->length             = 24272064
[LOG] SystemI::createSoundInternal             : exinfo->fileoffset         = 32480
[LOG] SystemI::createSoundInternal             : exinfo->numsubsounds       = 1
[LOG] SystemI::createSoundInternal             : exinfo->inclusionlist      = 0x11dc39b88
[LOG] SystemI::createSoundInternal             : exinfo->inclusionlistnum   = 1
[LOG] SystemI::createSoundInternal             : exinfo->suggestedsoundtype = 5
[LOG] SystemI::createSoundInternal             : exinfo->useropen           = 0x1409d2fa8
[LOG] SystemI::createSoundInternal             : exinfo->userclose          = 0x1409d3073
[LOG] SystemI::createSoundInternal             : exinfo->userread           = 0x1409d30a3
[LOG] SystemI::createSoundInternal             : exinfo->userseek           = 0x1409d3140
[LOG] SystemI::createSoundInternal             : exinfo->fileuserdata       = 0x10b36d7d8
[LOG] SystemI::createSoundInternal             : exinfo->initialseekpostype = 1
[LOG] SystemI::createSoundInternal             : Format has 1 subsounds.
[LOG] SystemI::createSoundInternal             : Create as FMOD_CREATESAMPLE
[LOG] SystemI::createSoundInternal             : Multi-sample sound (1 subsounds), create a sample container.
[LOG] SystemI::createSoundInternal             : creating subsound 0/1
[LOG] SystemI::createSample                    : mode 0a000202 length 1851428 samples, lengthbytes 938976
[LOG] SystemI::createSample                    : channels = 2
[LOG] SystemI::createSample                    : output = 0x10b325af8
[LOG] OutputSoftware::createSample             : lengthpcm 1851428, lengthbytes 938976, channels 2, format 2, freq 48000, mode 0a00020a
[LOG] SystemI::createSoundInternal             : done.  OpenState now = FMOD_OPENSTATE_READY.

[LOG] SystemI::createSoundInternal             : filename =  : mode 0a000202
[LOG] SystemI::createSoundInternal             : exinfo->cbsize             = 232
[LOG] SystemI::createSoundInternal             : exinfo->length             = 24272064
[LOG] SystemI::createSoundInternal             : exinfo->fileoffset         = 32480
[LOG] SystemI::createSoundInternal             : exinfo->numsubsounds       = 1
[LOG] SystemI::createSoundInternal             : exinfo->inclusionlist      = 0x11dc39b88
[LOG] SystemI::createSoundInternal             : exinfo->inclusionlistnum   = 1
[LOG] SystemI::createSoundInternal             : exinfo->suggestedsoundtype = 5
[LOG] SystemI::createSoundInternal             : exinfo->useropen           = 0x1409d2fa8
[LOG] SystemI::createSoundInternal             : exinfo->userclose          = 0x1409d3073
[LOG] SystemI::createSoundInternal             : exinfo->userread           = 0x1409d30a3
[LOG] SystemI::createSoundInternal             : exinfo->userseek           = 0x1409d3140
[LOG] SystemI::createSoundInternal             : exinfo->fileuserdata       = 0x10b36d7d8
[LOG] SystemI::createSoundInternal             : exinfo->initialseekpostype = 1
[LOG] SystemI::createSoundInternal             : Format has 1 subsounds.
[LOG] SystemI::createSoundInternal             : Create as FMOD_CREATESAMPLE
[LOG] SystemI::createSoundInternal             : Multi-sample sound (1 subsounds), create a sample container.
[LOG] SystemI::createSoundInternal             : creating subsound 0/1
[LOG] SystemI::createSample                    : mode 0a000202 length 2211428 samples, lengthbytes 1134592
[LOG] SystemI::createSample                    : channels = 2
[LOG] SystemI::createSample                    : output = 0x10b325af8
[LOG] OutputSoftware::createSample             : lengthpcm 2211428, lengthbytes 1134592, channels 2, format 2, freq 48000, mode 0a00020a
[LOG] SystemI::createSoundInternal             : done.  OpenState now = FMOD_OPENSTATE_READY.

[WRN] EventInstance::update                    : Event {4a00a486-1b80-40f7-8197-ebf0fae50c87} waited 74 milliseconds for sample data to load.  Preload sample data to avoid this delay.
[LOG] SoundI::release                          : (null) (0x1179687d8)
[LOG] SoundI::release                          : release subsounds. (0x1179687d8)
[LOG] SoundI::release                          :     (null) (0x117914688)
[LOG] SoundI::release                          : release codec. (0x1179687d8)
[LOG] SoundI::release                          : (null) (0x13f156778)
[LOG] SoundI::release                          : release subsounds. (0x13f156778)
[LOG] SoundI::release                          :     (null) (0x117979508)
[LOG] SoundI::release                          : release codec. (0x13f156778)
[LOG] SoundI::release                          : (null) (0x128120638)
[LOG] SoundI::release                          : release subsounds. (0x128120638)
[LOG] SoundI::release                          :     (null) (0x1281145b8)
[LOG] SoundI::release                          : release codec. (0x128120638)
[LOG] SoundI::release                          : (null) (0x140024568)
[LOG] SoundI::release                          : release subsounds. (0x140024568)
[LOG] SoundI::release                          :     (null) (0x10b37c218)
[LOG] SoundI::release                          : release codec. (0x140024568)
[LOG] SoundI::release                          : (null) (0x10b37ca98)
[LOG] SoundI::release                          : release subsounds. (0x10b37ca98)
[LOG] SoundI::release                          :     (null) (0x10b37cbf8)
[LOG] SoundI::release                          : release codec. (0x10b37ca98)
[LOG] SoundI::release                          : (null) (0x1281148f8)
[LOG] SoundI::release                          : release subsounds. (0x1281148f8)
[LOG] SoundI::release                          :     (null) (0x128114a58)
[LOG] SoundI::release                          : release codec. (0x1281148f8)
[LOG] SoundI::release                          : (null) (0x11795c608)
[LOG] SoundI::release                          : release subsounds. (0x11795c608)
[LOG] SoundI::release                          :     (null) (0x11795c768)
[LOG] SoundI::release                          : release codec. (0x11795c608)
[LOG] SoundI::release                          : (null) (0x117949648)
[LOG] SoundI::release                          : release subsounds. (0x117949648)
[LOG] SoundI::release                          :     (null) (0x10b37c088)
[LOG] SoundI::release                          : release codec. (0x117949648)
[LOG] SoundI::release                          : (null) (0x10b37c3a8)
[LOG] SoundI::release                          : release subsounds. (0x10b37c3a8)
[LOG] SoundI::release                          :     (null) (0x1281202f8)
[LOG] SoundI::release                          : release codec. (0x10b37c3a8)
[LOG] SoundI::release                          : (null) (0x1400984f8)
[LOG] SoundI::release                          : release subsounds. (0x1400984f8)
[LOG] SoundI::release                          :     (null) (0x11795c2c8)
[LOG] SoundI::release                          : release codec. (0x1400984f8)
[LOG] SoundI::release                          : (null) (0x11795cfa8)
[LOG] SoundI::release                          : release subsounds. (0x11795cfa8)
[LOG] SoundI::release                          :     (null) (0x1281a4e58)
[LOG] SoundI::release                          : release codec. (0x11795cfa8)
[LOG] SoundI::release                          : (null) (0x128114f48)
[LOG] SoundI::release                          : release subsounds. (0x128114f48)
[LOG] SoundI::release                          :     (null) (0x1281150a8)
[LOG] SoundI::release                          : release codec. (0x128114f48)
[LOG] SoundI::release                          : (null) (0x10b37bbe8)
[LOG] SoundI::release                          : release subsounds. (0x10b37bbe8)
[LOG] SoundI::release                          :     (null) (0x10b37bd48)
[LOG] SoundI::release                          : release codec. (0x10b37bbe8)
[LOG] SoundI::release                          : (null) (0x10b37c7a8)
[LOG] SoundI::release                          : release subsounds. (0x10b37c7a8)
[LOG] SoundI::release                          :     (null) (0x10b37c908)
[LOG] SoundI::release                          : release codec. (0x10b37c7a8)
[LOG] SoundI::release                          : (null) (0x10b360368)
[LOG] SoundI::release                          : release subsounds. (0x10b360368)
[LOG] SoundI::release                          :     (null) (0x10b37af78)
[LOG] SoundI::release                          : release codec. (0x10b360368)
[LOG] SoundI::release                          : (null) (0x117949e48)
[LOG] SoundI::release                          : release subsounds. (0x117949e48)
[LOG] SoundI::release                          :     (null) (0x117949fa8)
[LOG] SoundI::release                          : release codec. (0x117949e48)
[LOG] SoundI::release                          : (null) (0x117949a48)
[LOG] SoundI::release                          : release subsounds. (0x117949a48)
[LOG] SoundI::release                          :     (null) (0x11795c8f8)
[LOG] SoundI::release                          : release codec. (0x117949a48)
[LOG] SoundI::release                          : (null) (0x10b373fa8)
[LOG] SoundI::release                          : release subsounds. (0x10b373fa8)
[LOG] SoundI::release                          :     (null) (0x140098658)
[LOG] SoundI::release                          : release codec. (0x10b373fa8)
[LOG] SoundI::release                          : (null) (0x128150bf8)
[LOG] SoundI::release                          : release subsounds. (0x128150bf8)
[LOG] SoundI::release                          :     (null) (0x128131878)
[LOG] SoundI::release                          : release codec. (0x128150bf8)
[LOG] Thread::callback                         : * FMOD Studio bank load thread finished
[LOG] Thread::close                            : FMOD Studio bank load thread thread destroyed
[LOG] Thread::callback                         : * FMOD Studio sample load thread finished
[LOG] Thread::close                            : FMOD Studio sample load thread thread destroyed
[LOG] LiveUpdate::release                      : 
[LOG] SystemI::close                           : 
[LOG] SystemI::close                           : Stop all sounds
[LOG] Thread::callback                         : * FMOD stream thread finished
[LOG] Thread::close                            : FMOD stream thread thread destroyed
[LOG] SystemI::close                           : Stream thread destroyed
[LOG] Thread::callback                         : * FMOD mixer thread finished
[LOG] Thread::close                            : FMOD mixer thread thread destroyed
[LOG] SystemI::close                           : Free master channel group.
[LOG] SystemI::close                           : Remove 'master' sound group.
[LOG] SystemI::close                           : Free software output.
[LOG] SystemI::close                           : Free emulated output.
[LOG] SystemI::close                           : Free channel pool.
[LOG] SystemI::close                           : done.

[LOG] System::create                           : Header version = 1.08.02. Current version = 1.08.02.
